<?xml version="1.0" encoding="UTF-8"?>
<testsuite name="tests.AddNewCar" tests="1" skipped="0" failures="0" errors="0" timestamp="2023-07-27T17:58:34" hostname="OK" time="12.022">
  <properties/>
  <testcase name="addNewCarPositive" classname="tests.AddNewCar" time="12.022"/>
  <system-out><![CDATA[]]></system-out>
  <system-err><![CDATA[]]></system-err>
</testsuite>
